TN:
SF:src\modules\news\news.model.ts
FN:40,(anonymous_17)
FN:116,(anonymous_18)
FN:151,(anonymous_19)
FN:164,(anonymous_20)
FN:172,(anonymous_21)
FN:179,(anonymous_22)
FN:180,(anonymous_23)
FN:186,(anonymous_24)
FN:187,(anonymous_25)
FN:193,(anonymous_26)
FN:208,(anonymous_27)
FN:218,(anonymous_29)
FN:233,(anonymous_31)
FN:235,(anonymous_32)
FN:251,(anonymous_33)
FN:253,(anonymous_34)
FNF:16
FNH:0
FNDA:0,(anonymous_17)
FNDA:0,(anonymous_18)
FNDA:0,(anonymous_19)
FNDA:0,(anonymous_20)
FNDA:0,(anonymous_21)
FNDA:0,(anonymous_22)
FNDA:0,(anonymous_23)
FNDA:0,(anonymous_24)
FNDA:0,(anonymous_25)
FNDA:0,(anonymous_26)
FNDA:0,(anonymous_27)
FNDA:0,(anonymous_29)
FNDA:0,(anonymous_31)
FNDA:0,(anonymous_32)
FNDA:0,(anonymous_33)
FNDA:0,(anonymous_34)
DA:1,1
DA:3,1
DA:4,1
DA:7,1
DA:41,0
DA:42,0
DA:43,0
DA:52,1
DA:117,0
DA:118,0
DA:119,0
DA:126,1
DA:144,1
DA:145,1
DA:146,1
DA:151,1
DA:152,0
DA:153,0
DA:158,0
DA:164,1
DA:165,0
DA:166,0
DA:168,0
DA:172,1
DA:173,0
DA:179,1
DA:180,0
DA:186,1
DA:187,0
DA:193,1
DA:194,0
DA:208,1
DA:209,0
DA:218,1
DA:219,0
DA:220,0
DA:223,0
DA:233,1
DA:235,0
DA:238,0
DA:251,1
DA:253,0
DA:257,0
DA:259,0
DA:273,0
DA:277,1
DA:279,1
LF:47
LH:21
BRDA:152,0,0,0
BRDA:152,0,1,0
BRDA:152,1,0,0
BRDA:152,1,1,0
BRDA:165,2,0,0
BRDA:165,2,1,0
BRDA:165,3,0,0
BRDA:165,3,1,0
BRDA:165,3,2,0
BRDA:173,4,0,0
BRDA:173,4,1,0
BRDA:173,5,0,0
BRDA:173,5,1,0
BRDA:173,6,0,0
BRDA:173,6,1,0
BRDA:219,7,0,0
BRDA:219,7,1,0
BRDA:236,8,0,0
BRDA:254,9,0,0
BRDA:255,10,0,0
BRF:20
BRH:0
end_of_record
TN:
SF:src\modules\news\news.service.ts
FN:27,(anonymous_8)
FN:35,(anonymous_9)
FN:80,(anonymous_10)
FN:80,(anonymous_11)
FN:109,(anonymous_12)
FN:112,(anonymous_13)
FN:130,(anonymous_14)
FN:130,(anonymous_15)
FN:162,(anonymous_16)
FN:162,(anonymous_17)
FN:174,(anonymous_18)
FN:174,(anonymous_19)
FN:224,(anonymous_20)
FN:228,(anonymous_21)
FN:255,(anonymous_22)
FN:264,(anonymous_23)
FN:302,(anonymous_24)
FN:303,(anonymous_25)
FNF:18
FNH:0
FNDA:0,(anonymous_8)
FNDA:0,(anonymous_9)
FNDA:0,(anonymous_10)
FNDA:0,(anonymous_11)
FNDA:0,(anonymous_12)
FNDA:0,(anonymous_13)
FNDA:0,(anonymous_14)
FNDA:0,(anonymous_15)
FNDA:0,(anonymous_16)
FNDA:0,(anonymous_17)
FNDA:0,(anonymous_18)
FNDA:0,(anonymous_19)
FNDA:0,(anonymous_20)
FNDA:0,(anonymous_21)
FNDA:0,(anonymous_22)
FNDA:0,(anonymous_23)
FNDA:0,(anonymous_24)
FNDA:0,(anonymous_25)
DA:1,1
DA:2,1
DA:3,1
DA:4,1
DA:14,1
DA:27,1
DA:35,0
DA:44,0
DA:46,0
DA:48,0
DA:49,0
DA:50,0
DA:52,0
DA:53,0
DA:55,0
DA:67,0
DA:69,0
DA:80,1
DA:81,0
DA:82,0
DA:85,0
DA:86,0
DA:92,0
DA:93,0
DA:97,0
DA:99,0
DA:101,0
DA:102,0
DA:109,1
DA:112,0
DA:114,0
DA:115,0
DA:116,0
DA:122,0
DA:127,0
DA:130,1
DA:131,0
DA:132,0
DA:135,0
DA:136,0
DA:145,0
DA:146,0
DA:149,0
DA:151,0
DA:152,0
DA:153,0
DA:155,0
DA:162,1
DA:163,0
DA:164,0
DA:167,0
DA:169,0
DA:170,0
DA:174,1
DA:175,0
DA:176,0
DA:179,0
DA:180,0
DA:182,0
DA:183,0
DA:186,0
DA:197,0
DA:198,0
DA:199,0
DA:202,0
DA:203,0
DA:204,0
DA:207,0
DA:210,0
DA:213,0
DA:214,0
DA:216,0
DA:217,0
DA:224,1
DA:228,0
DA:229,0
DA:230,0
DA:233,0
DA:234,0
DA:236,0
DA:238,0
DA:244,0
DA:245,0
DA:248,0
DA:249,0
DA:252,0
DA:254,0
DA:255,0
DA:257,0
DA:260,0
DA:261,0
DA:264,0
DA:266,0
DA:269,0
DA:270,0
DA:275,0
DA:283,0
DA:284,0
DA:287,0
DA:289,0
DA:290,0
DA:301,0
DA:302,0
DA:303,0
DA:306,0
DA:307,0
DA:309,0
DA:313,1
LF:108
LH:13
BRDA:37,0,0,0
BRDA:38,1,0,0
BRDA:42,2,0,0
BRDA:43,3,0,0
BRDA:48,4,0,0
BRDA:48,4,1,0
BRDA:49,5,0,0
BRDA:49,5,1,0
BRDA:50,6,0,0
BRDA:50,6,1,0
BRDA:53,7,0,0
BRDA:53,7,1,0
BRDA:81,8,0,0
BRDA:81,8,1,0
BRDA:92,9,0,0
BRDA:92,9,1,0
BRDA:101,10,0,0
BRDA:101,10,1,0
BRDA:115,11,0,0
BRDA:115,11,1,0
BRDA:131,12,0,0
BRDA:131,12,1,0
BRDA:140,13,0,0
BRDA:140,13,1,0
BRDA:145,14,0,0
BRDA:145,14,1,0
BRDA:151,15,0,0
BRDA:151,15,1,0
BRDA:152,16,0,0
BRDA:152,16,1,0
BRDA:163,17,0,0
BRDA:163,17,1,0
BRDA:169,18,0,0
BRDA:169,18,1,0
BRDA:175,19,0,0
BRDA:175,19,1,0
BRDA:182,20,0,0
BRDA:182,20,1,0
BRDA:197,21,0,0
BRDA:197,21,1,0
BRDA:198,22,0,0
BRDA:198,22,1,0
BRDA:203,23,0,0
BRDA:203,23,1,0
BRDA:216,24,0,0
BRDA:216,24,1,0
BRDA:229,25,0,0
BRDA:229,25,1,0
BRDA:244,26,0,0
BRDA:244,26,1,0
BRDA:254,27,0,0
BRDA:254,27,1,0
BRDA:255,28,0,0
BRDA:255,28,1,0
BRDA:264,29,0,0
BRDA:264,29,1,0
BRDA:283,30,0,0
BRDA:283,30,1,0
BRDA:295,31,0,0
BRDA:295,31,1,0
BRDA:296,32,0,0
BRDA:296,32,1,0
BRDA:297,33,0,0
BRDA:297,33,1,0
BRF:64
BRH:0
end_of_record
TN:
SF:src\utils\ApiError.ts
FN:8,(anonymous_1)
FN:27,(anonymous_2)
FN:31,(anonymous_3)
FN:35,(anonymous_4)
FN:39,(anonymous_5)
FN:43,(anonymous_6)
FN:47,(anonymous_7)
FNF:7
FNH:0
FNDA:0,(anonymous_1)
FNDA:0,(anonymous_2)
FNDA:0,(anonymous_3)
FNDA:0,(anonymous_4)
FNDA:0,(anonymous_5)
FNDA:0,(anonymous_6)
FNDA:0,(anonymous_7)
DA:1,1
DA:3,1
DA:15,0
DA:16,0
DA:17,0
DA:18,0
DA:20,0
DA:21,0
DA:23,0
DA:28,0
DA:32,0
DA:36,0
DA:40,0
DA:44,0
DA:48,0
LF:15
LH:2
BRDA:11,0,0,0
BRDA:12,1,0,0
BRDA:20,2,0,0
BRDA:20,2,1,0
BRDA:31,3,0,0
BRDA:35,4,0,0
BRDA:39,5,0,0
BRDA:47,6,0,0
BRF:8
BRH:0
end_of_record
